<?xml version="1.0" encoding="UTF-8"?>
<!-- Generated by org.testng.reporters.JUnitReportReporter -->
<testsuite hostname="C4HSZY2" failures="0" tests="1" name="com.te.qa.tesngGroups.Groups_Helper" time="0.005" errors="0" timestamp="2020-06-15T16:03:03 IST" skipped="0">
  <testcase classname="com.te.qa.tesngGroups.Groups_Helper" name="test5" time="0.005"/>
  <system-out/>
</testsuite> <!-- com.te.qa.tesngGroups.Groups_Helper -->
