<?xml version="1.0" encoding="UTF-8"?>
<!-- Generated by org.testng.reporters.JUnitReportReporter -->
<testsuite hostname="C4HSZY2" failures="0" tests="2" name="com.te.qa.testScripts.SmokeTest" time="12.059" errors="0" timestamp="2020-07-27T20:43:46 IST" skipped="0">
  <testcase classname="com.te.qa.testScripts.SmokeTest" name="excelTest" time="0.013"/>
  <system-out/>
  <testcase classname="com.te.qa.testScripts.SmokeTest" name="launch" time="12.046"/>
  <system-out/>
</testsuite> <!-- com.te.qa.testScripts.SmokeTest -->
