<?xml version="1.0" encoding="UTF-8"?>
<!-- Generated by org.testng.reporters.JUnitReportReporter -->
<testsuite hostname="C4HSZY2" failures="0" tests="1" name="com.te.qa.testScripts.SmokeTest" time="12.260" errors="0" timestamp="2020-06-19T10:47:33 IST" skipped="0">
  <testcase classname="com.te.qa.testScripts.SmokeTest" name="launch" time="12.260"/>
  <system-out/>
</testsuite> <!-- com.te.qa.testScripts.SmokeTest -->
