<?xml version="1.0" encoding="UTF-8"?>
<!-- Generated by org.testng.reporters.JUnitReportReporter -->
<testsuite hostname="C4HSZY2" failures="0" tests="1" name="com.te.qa.testScripts.SmokeTest" time="11.190" errors="0" timestamp="2020-06-19T12:34:46 IST" skipped="0">
  <testcase classname="com.te.qa.testScripts.SmokeTest" name="launch" time="11.190"/>
  <system-out/>
</testsuite> <!-- com.te.qa.testScripts.SmokeTest -->
